<?xml version="1.0" encoding="UTF-8"?>
<testng-results ignored="1" total="5" passed="3" failed="1" skipped="0">
  <reporter-output>
  </reporter-output>
  <suite started-at="2025-08-28T18:02:47 IST" name="Regression Test Suite" finished-at="2025-08-28T18:03:41 IST" duration-ms="53995">
    <groups>
    </groups>
    <test started-at="2025-08-28T18:02:47 IST" name="LetsKodeIt Test" finished-at="2025-08-28T18:03:41 IST" duration-ms="53995">
      <class name="com.letskodeit.testclasses.LoginTest">
        <test-method is-config="true" signature="commonSetUp(java.lang.String)[pri:0, instance:com.letskodeit.testclasses.LoginTest@4566d049]" started-at="2025-08-28T18:02:47 IST" name="commonSetUp" finished-at="2025-08-28T18:02:54 IST" duration-ms="7060" status="PASS">
          <params>
            <param index="0">
              <value>
                <![CDATA[chrome]]>
              </value>
            </param>
          </params>
          <reporter-output>
          </reporter-output>
        </test-method> <!-- commonSetUp -->
        <test-method is-config="true" signature="methodSetUp()[pri:0, instance:com.letskodeit.testclasses.LoginTest@4566d049]" started-at="2025-08-28T18:02:54 IST" name="methodSetUp" finished-at="2025-08-28T18:02:54 IST" duration-ms="2" status="PASS">
          <reporter-output>
          </reporter-output>
        </test-method> <!-- methodSetUp -->
        <test-method signature="testInvalidLogin()[pri:0, instance:com.letskodeit.testclasses.LoginTest@4566d049]" started-at="2025-08-28T18:02:54 IST" name="testInvalidLogin" finished-at="2025-08-28T18:03:05 IST" duration-ms="10432" status="PASS">
          <reporter-output>
          </reporter-output>
        </test-method> <!-- testInvalidLogin -->
        <test-method is-config="true" signature="afterMethod()[pri:0, instance:com.letskodeit.testclasses.LoginTest@4566d049]" started-at="2025-08-28T18:03:05 IST" name="afterMethod" finished-at="2025-08-28T18:03:15 IST" duration-ms="10152" status="PASS">
          <reporter-output>
          </reporter-output>
        </test-method> <!-- afterMethod -->
        <test-method is-config="true" signature="methodSetUp()[pri:0, instance:com.letskodeit.testclasses.LoginTest@4566d049]" started-at="2025-08-28T18:03:15 IST" name="methodSetUp" finished-at="2025-08-28T18:03:15 IST" duration-ms="1" status="PASS">
          <reporter-output>
          </reporter-output>
        </test-method> <!-- methodSetUp -->
        <test-method signature="testLogin()[pri:0, instance:com.letskodeit.testclasses.LoginTest@4566d049]" started-at="2025-08-28T18:03:15 IST" name="testLogin" finished-at="2025-08-28T18:03:15 IST" duration-ms="322" status="FAIL">
          <exception class="java.lang.AssertionError">
            <message>
              <![CDATA[expected [true] but found [false]]]>
            </message>
            <full-stacktrace>
              <![CDATA[java.lang.AssertionError: expected [true] but found [false]
at org.testng.Assert.fail(Assert.java:111)
at org.testng.Assert.failNotEquals(Assert.java:1590)
at org.testng.Assert.assertTrue(Assert.java:57)
at org.testng.Assert.assertTrue(Assert.java:67)
at base.CheckPoint.markFinal(CheckPoint.java:64)
at com.letskodeit.testclasses.LoginTest.testLogin(LoginTest.java:30)
at java.base/jdk.internal.reflect.DirectMethodHandleAccessor.invoke(DirectMethodHandleAccessor.java:103)
at java.base/java.lang.reflect.Method.invoke(Method.java:580)
at org.testng.internal.invokers.MethodInvocationHelper.invokeMethod(MethodInvocationHelper.java:141)
at org.testng.internal.invokers.TestInvoker.invokeMethod(TestInvoker.java:687)
at org.testng.internal.invokers.TestInvoker.invokeTestMethod(TestInvoker.java:230)
at org.testng.internal.invokers.MethodRunner.runInSequence(MethodRunner.java:63)
at org.testng.internal.invokers.TestInvoker$MethodInvocationAgent.invoke(TestInvoker.java:995)
at org.testng.internal.invokers.TestInvoker.invokeTestMethods(TestInvoker.java:203)
at org.testng.internal.invokers.TestMethodWorker.invokeTestMethods(TestMethodWorker.java:154)
at org.testng.internal.invokers.TestMethodWorker.run(TestMethodWorker.java:134)
at java.base/java.util.ArrayList.forEach(ArrayList.java:1596)
at org.testng.TestRunner.privateRun(TestRunner.java:741)
at org.testng.TestRunner.run(TestRunner.java:616)
at org.testng.SuiteRunner.runTest(SuiteRunner.java:421)
at org.testng.SuiteRunner.runSequentially(SuiteRunner.java:413)
at org.testng.SuiteRunner.privateRun(SuiteRunner.java:373)
at org.testng.SuiteRunner.run(SuiteRunner.java:312)
at org.testng.SuiteRunnerWorker.runSuite(SuiteRunnerWorker.java:52)
at org.testng.SuiteRunnerWorker.run(SuiteRunnerWorker.java:95)
at org.testng.TestNG.runSuitesSequentially(TestNG.java:1274)
at org.testng.TestNG.runSuitesLocally(TestNG.java:1208)
at org.testng.TestNG.runSuites(TestNG.java:1112)
at org.testng.TestNG.run(TestNG.java:1079)
at org.testng.remote.AbstractRemoteTestNG.run(AbstractRemoteTestNG.java:115)
at org.testng.remote.RemoteTestNG.initAndRun(RemoteTestNG.java:293)
at org.testng.remote.RemoteTestNG.main(RemoteTestNG.java:91)
]]>
            </full-stacktrace>
          </exception> <!-- java.lang.AssertionError -->
          <reporter-output>
          </reporter-output>
        </test-method> <!-- testLogin -->
        <test-method is-config="true" signature="afterMethod()[pri:0, instance:com.letskodeit.testclasses.LoginTest@4566d049]" started-at="2025-08-28T18:03:15 IST" name="afterMethod" finished-at="2025-08-28T18:03:21 IST" duration-ms="5683" status="PASS">
          <reporter-output>
          </reporter-output>
        </test-method> <!-- afterMethod -->
        <test-method is-config="true" signature="commonTearDown()[pri:0, instance:com.letskodeit.testclasses.LoginTest@4566d049]" started-at="2025-08-28T18:03:21 IST" name="commonTearDown" finished-at="2025-08-28T18:03:21 IST" duration-ms="267" status="PASS">
          <reporter-output>
          </reporter-output>
        </test-method> <!-- commonTearDown -->
      </class> <!-- com.letskodeit.testclasses.LoginTest -->
      <class name="com.letskodeit.testclasses.AllCoursesTest">
        <test-method is-config="true" signature="commonSetUp(java.lang.String)[pri:0, instance:com.letskodeit.testclasses.AllCoursesTest@319bc845]" started-at="2025-08-28T18:03:21 IST" name="commonSetUp" finished-at="2025-08-28T18:03:27 IST" duration-ms="5852" status="PASS">
          <params>
            <param index="0">
              <value>
                <![CDATA[chrome]]>
              </value>
            </param>
          </params>
          <reporter-output>
          </reporter-output>
        </test-method> <!-- commonSetUp -->
        <test-method is-config="true" signature="setUp()[pri:0, instance:com.letskodeit.testclasses.AllCoursesTest@319bc845]" started-at="2025-08-28T18:03:27 IST" name="setUp" finished-at="2025-08-28T18:03:28 IST" duration-ms="885" status="PASS">
          <reporter-output>
          </reporter-output>
        </test-method> <!-- setUp -->
        <test-method signature="searchCourse(java.lang.String)[pri:0, instance:com.letskodeit.testclasses.AllCoursesTest@319bc845]" started-at="2025-08-28T18:03:28 IST" name="searchCourse" data-provider="searchCourseData" finished-at="2025-08-28T18:03:38 IST" duration-ms="9405" status="PASS">
          <params>
            <param index="0">
              <value>
                <![CDATA[rest api]]>
              </value>
            </param>
          </params>
          <reporter-output>
          </reporter-output>
        </test-method> <!-- searchCourse -->
        <test-method is-config="true" signature="methodSetUp()[pri:0, instance:com.letskodeit.testclasses.AllCoursesTest@319bc845]" started-at="2025-08-28T18:03:28 IST" name="methodSetUp" finished-at="2025-08-28T18:03:28 IST" duration-ms="0" status="PASS">
          <reporter-output>
          </reporter-output>
        </test-method> <!-- methodSetUp -->
        <test-method signature="searchCourse(java.lang.String)[pri:0, instance:com.letskodeit.testclasses.AllCoursesTest@319bc845]" started-at="2025-08-28T18:03:38 IST" name="searchCourse" data-provider="searchCourseData" finished-at="2025-08-28T18:03:41 IST" duration-ms="3453" status="PASS">
          <params>
            <param index="0">
              <value>
                <![CDATA[javascript]]>
              </value>
            </param>
          </params>
          <reporter-output>
          </reporter-output>
        </test-method> <!-- searchCourse -->
        <test-method is-config="true" signature="methodSetUp()[pri:0, instance:com.letskodeit.testclasses.AllCoursesTest@319bc845]" started-at="2025-08-28T18:03:38 IST" name="methodSetUp" finished-at="2025-08-28T18:03:38 IST" duration-ms="0" status="PASS">
          <reporter-output>
          </reporter-output>
        </test-method> <!-- methodSetUp -->
        <test-method is-config="true" signature="commonTearDown()[pri:0, instance:com.letskodeit.testclasses.AllCoursesTest@319bc845]" started-at="2025-08-28T18:03:41 IST" name="commonTearDown" finished-at="2025-08-28T18:03:41 IST" duration-ms="231" status="PASS">
          <reporter-output>
          </reporter-output>
        </test-method> <!-- commonTearDown -->
      </class> <!-- com.letskodeit.testclasses.AllCoursesTest -->
    </test> <!-- LetsKodeIt Test -->
  </suite> <!-- Regression Test Suite -->
</testng-results>
